<?xml version="1.0" encoding="UTF-8"?>
<coverage generated="1676912258818" clover="3.2.0">
  <project timestamp="1676912258818" name="All files">
    <metrics statements="5" coveredstatements="1" conditionals="2" coveredconditionals="0" methods="1" coveredmethods="1" elements="8" coveredelements="2" complexity="0" loc="5" ncloc="5" packages="1" files="1" classes="1"/>
    <file name="liveSDKLogic.ts" path="/Users/landry.monga/Github/ledger/ledger-live/apps/ledger-live-mobile/src/components/WebPlatformPlayer/liveSDKLogic.ts">
      <metrics statements="5" coveredstatements="1" conditionals="2" coveredconditionals="0" methods="1" coveredmethods="1"/>
      <line num="12" count="1" type="stmt"/>
      <line num="13" count="0" type="stmt"/>
      <line num="14" count="0" type="stmt"/>
      <line num="15" count="0" type="stmt"/>
      <line num="20" count="0" type="stmt"/>
    </file>
  </project>
</coverage>
