{"/Users/landry.monga/Github/ledger/ledger-live/apps/ledger-live-mobile/src/components/WebPlatformPlayer/liveSDKLogic.ts": {"path":"/Users/landry.monga/Github/ledger/ledger-live/apps/ledger-live-mobile/src/components/WebPlatformPlayer/liveSDKLogic.ts","statementMap":{"0":{"start":{"line":12,"column":17},"end":{"line":12,"column":57}},"1":{"start":{"line":13,"column":12},"end":{"line":13,"column":45}},"2":{"start":{"line":14,"column":35},"end":{"line":14,"column":41}},"3":{"start":{"line":15,"column":13},"end":{"line":18,"column":4}},"4":{"start":{"line":20,"column":2},"end":{"line":23,"column":5}}},"fnMap":{"0":{"name":"prepareSignTransaction","decl":{"start":{"line":7,"column":24},"end":{"line":7,"column":46}},"loc":{"start":{"line":11,"column":21},"end":{"line":24,"column":1}},"line":11}},"branchMap":{"0":{"loc":{"start":{"line":17,"column":18},"end":{"line":17,"column":66}},"type":"cond-expr","locations":[{"start":{"line":17,"column":44},"end":{"line":17,"column":54}},{"start":{"line":17,"column":57},"end":{"line":17,"column":66}}],"line":17}},"s":{"0":1,"1":0,"2":0,"3":0,"4":0},"f":{"0":1},"b":{"0":[0,0]},"_coverageSchema":"1a1c01bbd47fc00a2c39e90264f33305004495a9","hash":"ff52c198cf352cfd391be1742d7867888bacf98d"}
}
